<?xml version="1.0" encoding="UTF-8"?>
<testsuite name="com.HelloWorldCRUD.example.integrationtest.controller.DistrictControllerTest" tests="10" skipped="0" failures="0" errors="0" timestamp="2022-07-04T16:50:21" hostname="DESKTOP-7CVTM0J" time="2.074">
  <properties/>
  <testcase name="District not saved." classname="com.HelloWorldCRUD.example.integrationtest.controller.DistrictControllerTest" time="1.447"/>
  <testcase name="District successfully saved." classname="com.HelloWorldCRUD.example.integrationtest.controller.DistrictControllerTest" time="0.284"/>
  <testcase name="All Districts are successfully found." classname="com.HelloWorldCRUD.example.integrationtest.controller.DistrictControllerTest" time="0.056"/>
  <testcase name="Districts are not found." classname="com.HelloWorldCRUD.example.integrationtest.controller.DistrictControllerTest" time="0.024"/>
  <testcase name="District not successfully updated." classname="com.HelloWorldCRUD.example.integrationtest.controller.DistrictControllerTest" time="0.032"/>
  <testcase name="District successfully deleted." classname="com.HelloWorldCRUD.example.integrationtest.controller.DistrictControllerTest" time="0.029"/>
  <testcase name="District successfully updated." classname="com.HelloWorldCRUD.example.integrationtest.controller.DistrictControllerTest" time="0.038"/>
  <testcase name="District not successfully deleted." classname="com.HelloWorldCRUD.example.integrationtest.controller.DistrictControllerTest" time="0.032"/>
  <testcase name="District successfully found." classname="com.HelloWorldCRUD.example.integrationtest.controller.DistrictControllerTest" time="0.063"/>
  <testcase name="District not found." classname="com.HelloWorldCRUD.example.integrationtest.controller.DistrictControllerTest" time="0.03"/>
  <system-out><![CDATA[22:50:10.418 [Test worker] DEBUG org.springframework.test.context.BootstrapUtils - Instantiating CacheAwareContextLoaderDelegate from class [org.springframework.test.context.cache.DefaultCacheAwareContextLoaderDelegate]
22:50:10.433 [Test worker] DEBUG org.springframework.test.context.BootstrapUtils - Instantiating BootstrapContext using constructor [public org.springframework.test.context.support.DefaultBootstrapContext(java.lang.Class,org.springframework.test.context.CacheAwareContextLoaderDelegate)]
22:50:10.502 [Test worker] DEBUG org.springframework.test.context.BootstrapUtils - Instantiating TestContextBootstrapper for test class [com.HelloWorldCRUD.example.integrationtest.controller.DistrictControllerTest] from class [org.springframework.boot.test.context.SpringBootTestContextBootstrapper]
22:50:10.533 [Test worker] INFO org.springframework.boot.test.context.SpringBootTestContextBootstrapper - Neither @ContextConfiguration nor @ContextHierarchy found for test class [com.HelloWorldCRUD.example.integrationtest.controller.DistrictControllerTest], using SpringBootContextLoader
22:50:10.533 [Test worker] DEBUG org.springframework.test.context.support.AbstractContextLoader - Did not detect default resource location for test class [com.HelloWorldCRUD.example.integrationtest.controller.DistrictControllerTest]: class path resource [com/HelloWorldCRUD/example/integrationtest/controller/DistrictControllerTest-context.xml] does not exist
22:50:10.533 [Test worker] DEBUG org.springframework.test.context.support.AbstractContextLoader - Did not detect default resource location for test class [com.HelloWorldCRUD.example.integrationtest.controller.DistrictControllerTest]: class path resource [com/HelloWorldCRUD/example/integrationtest/controller/DistrictControllerTestContext.groovy] does not exist
22:50:10.533 [Test worker] INFO org.springframework.test.context.support.AbstractContextLoader - Could not detect default resource locations for test class [com.HelloWorldCRUD.example.integrationtest.controller.DistrictControllerTest]: no resource found for suffixes {-context.xml, Context.groovy}.
22:50:10.533 [Test worker] INFO org.springframework.test.context.support.AnnotationConfigContextLoaderUtils - Could not detect default configuration classes for test class [com.HelloWorldCRUD.example.integrationtest.controller.DistrictControllerTest]: DistrictControllerTest does not declare any static, non-private, non-final, nested classes annotated with @Configuration.
22:50:10.649 [Test worker] DEBUG org.springframework.test.context.support.ActiveProfilesUtils - Could not find an 'annotation declaring class' for annotation type [org.springframework.test.context.ActiveProfiles] and class [com.HelloWorldCRUD.example.integrationtest.controller.DistrictControllerTest]
22:50:10.754 [Test worker] DEBUG org.springframework.context.annotation.ClassPathScanningCandidateComponentProvider - Identified candidate component class: file [D:\Projects\HelloWorldSB\build\classes\java\main\com\HelloWorldCRUD\example\HelloWorld.class]
22:50:10.754 [Test worker] INFO org.springframework.boot.test.context.SpringBootTestContextBootstrapper - Found @SpringBootConfiguration com.HelloWorldCRUD.example.HelloWorld for test class com.HelloWorldCRUD.example.integrationtest.controller.DistrictControllerTest
22:50:10.951 [Test worker] DEBUG org.springframework.boot.test.context.SpringBootTestContextBootstrapper - @TestExecutionListeners is not present for class [com.HelloWorldCRUD.example.integrationtest.controller.DistrictControllerTest]: using defaults.
22:50:10.966 [Test worker] INFO org.springframework.boot.test.context.SpringBootTestContextBootstrapper - Loaded default TestExecutionListener class names from location [META-INF/spring.factories]: [org.springframework.boot.test.autoconfigure.restdocs.RestDocsTestExecutionListener, org.springframework.boot.test.autoconfigure.web.client.MockRestServiceServerResetTestExecutionListener, org.springframework.boot.test.autoconfigure.web.servlet.MockMvcPrintOnlyOnFailureTestExecutionListener, org.springframework.boot.test.autoconfigure.web.servlet.WebDriverTestExecutionListener, org.springframework.boot.test.autoconfigure.webservices.client.MockWebServiceServerTestExecutionListener, org.springframework.boot.test.mock.mockito.MockitoTestExecutionListener, org.springframework.boot.test.mock.mockito.ResetMocksTestExecutionListener, org.springframework.test.context.web.ServletTestExecutionListener, org.springframework.test.context.support.DirtiesContextBeforeModesTestExecutionListener, org.springframework.test.context.event.ApplicationEventsTestExecutionListener, org.springframework.test.context.support.DependencyInjectionTestExecutionListener, org.springframework.test.context.support.DirtiesContextTestExecutionListener, org.springframework.test.context.transaction.TransactionalTestExecutionListener, org.springframework.test.context.jdbc.SqlScriptsTestExecutionListener, org.springframework.test.context.event.EventPublishingTestExecutionListener]
22:50:10.989 [Test worker] INFO org.springframework.boot.test.context.SpringBootTestContextBootstrapper - Using TestExecutionListeners: [org.springframework.test.context.web.ServletTestExecutionListener@724f138e, org.springframework.test.context.support.DirtiesContextBeforeModesTestExecutionListener@37eeec90, org.springframework.test.context.event.ApplicationEventsTestExecutionListener@32fe9d0a, org.springframework.boot.test.mock.mockito.MockitoTestExecutionListener@c9413d8, org.springframework.boot.test.autoconfigure.SpringBootDependencyInjectionTestExecutionListener@64da2a7, org.springframework.test.context.support.DirtiesContextTestExecutionListener@46074492, org.springframework.test.context.transaction.TransactionalTestExecutionListener@d78795, org.springframework.test.context.jdbc.SqlScriptsTestExecutionListener@2c715e84, org.springframework.test.context.event.EventPublishingTestExecutionListener@47428937, org.springframework.boot.test.autoconfigure.restdocs.RestDocsTestExecutionListener@3b9d6699, org.springframework.boot.test.autoconfigure.web.client.MockRestServiceServerResetTestExecutionListener@7caa550, org.springframework.boot.test.autoconfigure.web.servlet.MockMvcPrintOnlyOnFailureTestExecutionListener@21694e53, org.springframework.boot.test.autoconfigure.web.servlet.WebDriverTestExecutionListener@72b16078, org.springframework.boot.test.autoconfigure.webservices.client.MockWebServiceServerTestExecutionListener@22c86919, org.springframework.boot.test.mock.mockito.ResetMocksTestExecutionListener@70fab835]
22:50:11.004 [Test worker] DEBUG org.springframework.test.context.support.AbstractDirtiesContextTestExecutionListener - Before test class: context [DefaultTestContext@54107f42 testClass = DistrictControllerTest, testInstance = [null], testMethod = [null], testException = [null], mergedContextConfiguration = [WebMergedContextConfiguration@1b11ef33 testClass = DistrictControllerTest, locations = '{}', classes = '{class com.HelloWorldCRUD.example.HelloWorld}', contextInitializerClasses = '[]', activeProfiles = '{}', propertySourceLocations = '{}', propertySourceProperties = '{org.springframework.boot.test.context.SpringBootTestContextBootstrapper=true}', contextCustomizers = set[org.springframework.boot.test.autoconfigure.actuate.metrics.MetricsExportContextCustomizerFactory$DisableMetricExportContextCustomizer@4a194c39, org.springframework.boot.test.autoconfigure.properties.PropertyMappingContextCustomizer@4b3fa0b3, org.springframework.boot.test.autoconfigure.web.servlet.WebDriverContextCustomizerFactory$Customizer@1338fb5, [ImportsContextCustomizer@476aac9 key = [org.springframework.boot.test.autoconfigure.web.servlet.MockMvcAutoConfiguration, org.springframework.boot.test.autoconfigure.web.servlet.MockMvcWebClientAutoConfiguration, org.springframework.boot.test.autoconfigure.web.servlet.MockMvcWebDriverAutoConfiguration, org.springframework.boot.autoconfigure.security.oauth2.client.servlet.OAuth2ClientAutoConfiguration, org.springframework.boot.autoconfigure.security.oauth2.resource.servlet.OAuth2ResourceServerAutoConfiguration, org.springframework.boot.autoconfigure.security.servlet.SecurityAutoConfiguration, org.springframework.boot.autoconfigure.security.servlet.SecurityFilterAutoConfiguration, org.springframework.boot.autoconfigure.security.servlet.UserDetailsServiceAutoConfiguration, org.springframework.boot.test.autoconfigure.web.servlet.MockMvcSecurityConfiguration, org.springframework.boot.test.autoconfigure.web.reactive.WebTestClientAutoConfiguration]], org.springframework.boot.test.context.filter.ExcludeFilterContextCustomizer@23bff419, org.springframework.boot.test.json.DuplicateJsonObjectContextCustomizerFactory$DuplicateJsonObjectContextCustomizer@101639ae, org.springframework.boot.test.mock.mockito.MockitoContextCustomizer@0, org.springframework.boot.test.web.client.TestRestTemplateContextCustomizer@1dd6d4b7, org.springframework.boot.test.context.SpringBootTestArgs@1, org.springframework.boot.test.context.SpringBootTestWebEnvironment@3059cbc], resourceBasePath = 'src/main/webapp', contextLoader = 'org.springframework.boot.test.context.SpringBootContextLoader', parent = [null]], attributes = map['org.springframework.test.context.web.ServletTestExecutionListener.activateListener' -> true]], class annotated with @DirtiesContext [false] with mode [null].

  .   ____          _            __ _ _
 /\\ / ___'_ __ _ _(_)_ __  __ _ \ \ \ \
( ( )\___ | '_ | '_| | '_ \/ _` | \ \ \ \
 \\/  ___)| |_)| | | | | || (_| |  ) ) ) )
  '  |____| .__|_| |_|_| |_\__, | / / / /
 =========|_|==============|___/=/_/_/_/
 :: Spring Boot ::                (v2.6.7)

2022-07-04 22:50:11.982  INFO 13668 --- [    Test worker] c.H.e.i.c.DistrictControllerTest         : Starting DistrictControllerTest using Java 17.0.2 on DESKTOP-7CVTM0J with PID 13668 (started by Shahriar Parvez in D:\Projects\HelloWorldSB)
2022-07-04 22:50:11.982  INFO 13668 --- [    Test worker] c.H.e.i.c.DistrictControllerTest         : No active profile set, falling back to 1 default profile: "default"
2022-07-04 22:50:14.130  INFO 13668 --- [    Test worker] .s.d.r.c.RepositoryConfigurationDelegate : Bootstrapping Spring Data JPA repositories in DEFAULT mode.
2022-07-04 22:50:14.262  INFO 13668 --- [    Test worker] .s.d.r.c.RepositoryConfigurationDelegate : Finished Spring Data repository scanning in 117 ms. Found 2 JPA repository interfaces.
2022-07-04 22:50:16.120  INFO 13668 --- [    Test worker] o.hibernate.jpa.internal.util.LogHelper  : HHH000204: Processing PersistenceUnitInfo [name: default]
2022-07-04 22:50:16.345  INFO 13668 --- [    Test worker] org.hibernate.Version                    : HHH000412: Hibernate ORM core version 5.6.8.Final
2022-07-04 22:50:16.830  INFO 13668 --- [    Test worker] o.hibernate.annotations.common.Version   : HCANN000001: Hibernate Commons Annotations {5.1.2.Final}
2022-07-04 22:50:17.116  INFO 13668 --- [    Test worker] com.zaxxer.hikari.HikariDataSource       : HikariPool-1 - Starting...
2022-07-04 22:50:17.463  INFO 13668 --- [    Test worker] com.zaxxer.hikari.HikariDataSource       : HikariPool-1 - Start completed.
2022-07-04 22:50:17.501  INFO 13668 --- [    Test worker] org.hibernate.dialect.Dialect            : HHH000400: Using dialect: org.hibernate.dialect.H2Dialect
2022-07-04 22:50:18.482  INFO 13668 --- [    Test worker] o.h.e.t.j.p.i.JtaPlatformInitiator       : HHH000490: Using JtaPlatform implementation: [org.hibernate.engine.transaction.jta.platform.internal.NoJtaPlatform]
2022-07-04 22:50:18.482  INFO 13668 --- [    Test worker] j.LocalContainerEntityManagerFactoryBean : Initialized JPA EntityManagerFactory for persistence unit 'default'
2022-07-04 22:50:19.754  WARN 13668 --- [    Test worker] JpaBaseConfiguration$JpaWebConfiguration : spring.jpa.open-in-view is enabled by default. Therefore, database queries may be performed during view rendering. Explicitly configure spring.jpa.open-in-view to disable this warning
2022-07-04 22:50:21.773  INFO 13668 --- [    Test worker] o.s.b.t.m.w.SpringBootMockServletContext : Initializing Spring TestDispatcherServlet ''
2022-07-04 22:50:21.773  INFO 13668 --- [    Test worker] o.s.t.web.servlet.TestDispatcherServlet  : Initializing Servlet ''
2022-07-04 22:50:21.789  INFO 13668 --- [    Test worker] o.s.t.web.servlet.TestDispatcherServlet  : Completed initialization in 16 ms
2022-07-04 22:50:21.858  INFO 13668 --- [    Test worker] c.H.e.i.c.DistrictControllerTest         : Started DistrictControllerTest in 10.516 seconds (JVM running for 13.757)
2022-07-04 22:50:23.248  WARN 13668 --- [    Test worker] o.h.engine.jdbc.spi.SqlExceptionHelper   : SQL Error: 23505, SQLState: 23505
2022-07-04 22:50:23.248 ERROR 13668 --- [    Test worker] o.h.engine.jdbc.spi.SqlExceptionHelper   : Unique index or primary key violation: "PUBLIC.UK_ABN11I3M83G144VQ0CMB13QS2_INDEX_B ON PUBLIC.DISTRICTS(DIST_CODE) VALUES 1"; SQL statement:
insert into districts (id, dist_code, division, name) values (default, ?, ?, ?) [23505-200]

MockHttpServletRequest:
      HTTP Method = POST
      Request URI = /districts/
       Parameters = {}
          Headers = [Content-Type:"application/json;charset=UTF-8", Content-Length:"52"]
             Body = {"name":"Sirajganj","code":15,"division":"Rajshahi"}
    Session Attrs = {}

Handler:
             Type = com.HelloWorldCRUD.example.controller.DistrictController
           Method = com.HelloWorldCRUD.example.controller.DistrictController#saveDistrict(DistrictDto)

Async:
    Async started = false
     Async result = null

Resolved Exception:
             Type = org.springframework.dao.DataIntegrityViolationException

ModelAndView:
        View name = null
             View = null
            Model = null

FlashMap:
       Attributes = null

MockHttpServletResponse:
           Status = 400
    Error message = null
          Headers = [Content-Type:"application/json"]
     Content type = application/json
             Body = {"message":" entity validation error occurred.","object":null,"status":"ERROR","fieldError":"could not execute statement; SQL [n/a]; constraint [\"PUBLIC.UK_ABN11I3M83G144VQ0CMB13QS2_INDEX_B ON PUBLIC.DISTRICTS(DIST_CODE) VALUES 1\"; SQL statement:\ninsert into districts (id, dist_code, division, name) values (default, ?, ?, ?) [23505-200]]; nested exception is org.hibernate.exception.ConstraintViolationException: could not execute statement","methodError":null,"pathError":null}
    Forwarded URL = null
   Redirected URL = null
          Cookies = []

MockHttpServletRequest:
      HTTP Method = POST
      Request URI = /districts/
       Parameters = {}
          Headers = [Content-Type:"application/json;charset=UTF-8", Content-Length:"49"]
             Body = {"name":"Bogura","code":18,"division":"Rajshahi"}
    Session Attrs = {}

Handler:
             Type = com.HelloWorldCRUD.example.controller.DistrictController
           Method = com.HelloWorldCRUD.example.controller.DistrictController#saveDistrict(DistrictDto)

Async:
    Async started = false
     Async result = null

Resolved Exception:
             Type = null

ModelAndView:
        View name = null
             View = null
            Model = null

FlashMap:
       Attributes = null

MockHttpServletResponse:
           Status = 200
    Error message = null
          Headers = [Content-Type:"application/json"]
     Content type = application/json
             Body = {"message":"District successfully created.","object":{"name":"Bogura","code":18,"division":"Rajshahi"},"status":"SUCCESS","fieldError":null,"methodError":null,"pathError":null}
    Forwarded URL = null
   Redirected URL = null
          Cookies = []

MockHttpServletRequest:
      HTTP Method = GET
      Request URI = /districts/
       Parameters = {}
          Headers = []
             Body = null
    Session Attrs = {}

Handler:
             Type = com.HelloWorldCRUD.example.controller.DistrictController
           Method = com.HelloWorldCRUD.example.controller.DistrictController#getDistricts()

Async:
    Async started = false
     Async result = null

Resolved Exception:
             Type = null

ModelAndView:
        View name = null
             View = null
            Model = null

FlashMap:
       Attributes = null

MockHttpServletResponse:
           Status = 200
    Error message = null
          Headers = [Content-Type:"application/json"]
     Content type = application/json
             Body = {"message":"Districts successfully found.","object":[{"name":"Sirajganj","code":15,"division":"Rajshahi"},{"name":"Narail","code":22,"division":"Zassore"}],"status":"SUCCESS","fieldError":null,"methodError":null,"pathError":null}
    Forwarded URL = null
   Redirected URL = null
          Cookies = []

MockHttpServletRequest:
      HTTP Method = GET
      Request URI = /districts/
       Parameters = {}
          Headers = []
             Body = null
    Session Attrs = {}

Handler:
             Type = com.HelloWorldCRUD.example.controller.DistrictController
           Method = com.HelloWorldCRUD.example.controller.DistrictController#getDistricts()

Async:
    Async started = false
     Async result = null

Resolved Exception:
             Type = null

ModelAndView:
        View name = null
             View = null
            Model = null

FlashMap:
       Attributes = null

MockHttpServletResponse:
           Status = 400
    Error message = null
          Headers = [Content-Type:"application/json"]
     Content type = application/json
             Body = {"message":"District not found.","object":null,"status":"ERROR","fieldError":null,"methodError":null,"pathError":null}
    Forwarded URL = null
   Redirected URL = null
          Cookies = []

MockHttpServletRequest:
      HTTP Method = PUT
      Request URI = /districts/7
       Parameters = {}
          Headers = [Content-Type:"application/json;charset=UTF-8", Content-Length:"48"]
             Body = {"name":"Narail","code":22,"division":"Zassore"}
    Session Attrs = {}

Handler:
             Type = com.HelloWorldCRUD.example.controller.DistrictController
           Method = com.HelloWorldCRUD.example.controller.DistrictController#updateDistrict(int, DistrictDto)

Async:
    Async started = false
     Async result = null

Resolved Exception:
             Type = null

ModelAndView:
        View name = null
             View = null
            Model = null

FlashMap:
       Attributes = null

MockHttpServletResponse:
           Status = 400
    Error message = null
          Headers = [Content-Type:"application/json"]
     Content type = application/json
             Body = {"message":"District not updated.","object":null,"status":"ERROR","fieldError":null,"methodError":null,"pathError":null}
    Forwarded URL = null
   Redirected URL = null
          Cookies = []

MockHttpServletRequest:
      HTTP Method = DELETE
      Request URI = /districts/7
       Parameters = {}
          Headers = []
             Body = null
    Session Attrs = {}

Handler:
             Type = com.HelloWorldCRUD.example.controller.DistrictController
           Method = com.HelloWorldCRUD.example.controller.DistrictController#deleteDistrict(int)

Async:
    Async started = false
     Async result = null

Resolved Exception:
             Type = null

ModelAndView:
        View name = null
             View = null
            Model = null

FlashMap:
       Attributes = null

MockHttpServletResponse:
           Status = 200
    Error message = null
          Headers = [Content-Type:"application/json"]
     Content type = application/json
             Body = {"message":"District successfully deleted.","object":{"name":"Sirajganj","code":15,"division":"Rajshahi"},"status":"SUCCESS","fieldError":null,"methodError":null,"pathError":null}
    Forwarded URL = null
   Redirected URL = null
          Cookies = []

MockHttpServletRequest:
      HTTP Method = PUT
      Request URI = /districts/8
       Parameters = {}
          Headers = [Content-Type:"application/json;charset=UTF-8", Content-Length:"48"]
             Body = {"name":"Narail","code":22,"division":"Zassore"}
    Session Attrs = {}

Handler:
             Type = com.HelloWorldCRUD.example.controller.DistrictController
           Method = com.HelloWorldCRUD.example.controller.DistrictController#updateDistrict(int, DistrictDto)

Async:
    Async started = false
     Async result = null

Resolved Exception:
             Type = null

ModelAndView:
        View name = null
             View = null
            Model = null

FlashMap:
       Attributes = null

MockHttpServletResponse:
           Status = 200
    Error message = null
          Headers = [Content-Type:"application/json"]
     Content type = application/json
             Body = {"message":"District successfully updated.","object":{"name":"Narail","code":22,"division":"Zassore"},"status":"SUCCESS","fieldError":null,"methodError":null,"pathError":null}
    Forwarded URL = null
   Redirected URL = null
          Cookies = []

MockHttpServletRequest:
      HTTP Method = DELETE
      Request URI = /districts/1
       Parameters = {}
          Headers = []
             Body = null
    Session Attrs = {}

Handler:
             Type = com.HelloWorldCRUD.example.controller.DistrictController
           Method = com.HelloWorldCRUD.example.controller.DistrictController#deleteDistrict(int)

Async:
    Async started = false
     Async result = null

Resolved Exception:
             Type = null

ModelAndView:
        View name = null
             View = null
            Model = null

FlashMap:
       Attributes = null

MockHttpServletResponse:
           Status = 400
    Error message = null
          Headers = [Content-Type:"application/json"]
     Content type = application/json
             Body = {"message":"District not deleted.","object":null,"status":"ERROR","fieldError":null,"methodError":null,"pathError":null}
    Forwarded URL = null
   Redirected URL = null
          Cookies = []

MockHttpServletRequest:
      HTTP Method = GET
      Request URI = /districts/9
       Parameters = {}
          Headers = []
             Body = null
    Session Attrs = {}

Handler:
             Type = com.HelloWorldCRUD.example.controller.DistrictController
           Method = com.HelloWorldCRUD.example.controller.DistrictController#getDistrict(int)

Async:
    Async started = false
     Async result = null

Resolved Exception:
             Type = null

ModelAndView:
        View name = null
             View = null
            Model = null

FlashMap:
       Attributes = null

MockHttpServletResponse:
           Status = 200
    Error message = null
          Headers = [Content-Type:"application/json"]
     Content type = application/json
             Body = {"message":"District successfully found.","object":{"name":"Sirajganj","code":15,"division":"Rajshahi"},"status":"SUCCESS","fieldError":null,"methodError":null,"pathError":null}
    Forwarded URL = null
   Redirected URL = null
          Cookies = []

MockHttpServletRequest:
      HTTP Method = GET
      Request URI = /districts/2
       Parameters = {}
          Headers = []
             Body = null
    Session Attrs = {}

Handler:
             Type = com.HelloWorldCRUD.example.controller.DistrictController
           Method = com.HelloWorldCRUD.example.controller.DistrictController#getDistrict(int)

Async:
    Async started = false
     Async result = null

Resolved Exception:
             Type = null

ModelAndView:
        View name = null
             View = null
            Model = null

FlashMap:
       Attributes = null

MockHttpServletResponse:
           Status = 400
    Error message = null
          Headers = [Content-Type:"application/json"]
     Content type = application/json
             Body = {"message":"District not found.","object":null,"status":"ERROR","fieldError":null,"methodError":null,"pathError":null}
    Forwarded URL = null
   Redirected URL = null
          Cookies = []
]]></system-out>
  <system-err><![CDATA[]]></system-err>
</testsuite>
