<?xml version="1.0" encoding="UTF-8"?>
<testsuite name="com.HelloWorldCRUD.example.integrationtest.controller.UserControllerTest" tests="1" skipped="0" failures="0" errors="0" timestamp="2022-06-28T18:13:23" hostname="DESKTOP-7CVTM0J" time="0.967">
  <properties/>
  <testcase name="User not found by email" classname="com.HelloWorldCRUD.example.integrationtest.controller.UserControllerTest" time="0.967"/>
  <system-out><![CDATA[00:13:12.602 [Test worker] DEBUG org.springframework.test.context.BootstrapUtils - Instantiating CacheAwareContextLoaderDelegate from class [org.springframework.test.context.cache.DefaultCacheAwareContextLoaderDelegate]
00:13:12.641 [Test worker] DEBUG org.springframework.test.context.BootstrapUtils - Instantiating BootstrapContext using constructor [public org.springframework.test.context.support.DefaultBootstrapContext(java.lang.Class,org.springframework.test.context.CacheAwareContextLoaderDelegate)]
00:13:12.719 [Test worker] DEBUG org.springframework.test.context.BootstrapUtils - Instantiating TestContextBootstrapper for test class [com.HelloWorldCRUD.example.integrationtest.controller.UserControllerTest] from class [org.springframework.boot.test.context.SpringBootTestContextBootstrapper]
00:13:12.750 [Test worker] INFO org.springframework.boot.test.context.SpringBootTestContextBootstrapper - Neither @ContextConfiguration nor @ContextHierarchy found for test class [com.HelloWorldCRUD.example.integrationtest.controller.UserControllerTest], using SpringBootContextLoader
00:13:12.766 [Test worker] DEBUG org.springframework.test.context.support.AbstractContextLoader - Did not detect default resource location for test class [com.HelloWorldCRUD.example.integrationtest.controller.UserControllerTest]: class path resource [com/HelloWorldCRUD/example/integrationtest/controller/UserControllerTest-context.xml] does not exist
00:13:12.766 [Test worker] DEBUG org.springframework.test.context.support.AbstractContextLoader - Did not detect default resource location for test class [com.HelloWorldCRUD.example.integrationtest.controller.UserControllerTest]: class path resource [com/HelloWorldCRUD/example/integrationtest/controller/UserControllerTestContext.groovy] does not exist
00:13:12.766 [Test worker] INFO org.springframework.test.context.support.AbstractContextLoader - Could not detect default resource locations for test class [com.HelloWorldCRUD.example.integrationtest.controller.UserControllerTest]: no resource found for suffixes {-context.xml, Context.groovy}.
00:13:12.766 [Test worker] INFO org.springframework.test.context.support.AnnotationConfigContextLoaderUtils - Could not detect default configuration classes for test class [com.HelloWorldCRUD.example.integrationtest.controller.UserControllerTest]: UserControllerTest does not declare any static, non-private, non-final, nested classes annotated with @Configuration.
00:13:12.906 [Test worker] DEBUG org.springframework.test.context.support.ActiveProfilesUtils - Could not find an 'annotation declaring class' for annotation type [org.springframework.test.context.ActiveProfiles] and class [com.HelloWorldCRUD.example.integrationtest.controller.UserControllerTest]
00:13:13.032 [Test worker] DEBUG org.springframework.context.annotation.ClassPathScanningCandidateComponentProvider - Identified candidate component class: file [D:\Projects\HelloWorldSB\build\classes\java\main\com\HelloWorldCRUD\example\HelloWorld.class]
00:13:13.032 [Test worker] INFO org.springframework.boot.test.context.SpringBootTestContextBootstrapper - Found @SpringBootConfiguration com.HelloWorldCRUD.example.HelloWorld for test class com.HelloWorldCRUD.example.integrationtest.controller.UserControllerTest
00:13:13.266 [Test worker] DEBUG org.springframework.boot.test.context.SpringBootTestContextBootstrapper - @TestExecutionListeners is not present for class [com.HelloWorldCRUD.example.integrationtest.controller.UserControllerTest]: using defaults.
00:13:13.266 [Test worker] INFO org.springframework.boot.test.context.SpringBootTestContextBootstrapper - Loaded default TestExecutionListener class names from location [META-INF/spring.factories]: [org.springframework.boot.test.autoconfigure.restdocs.RestDocsTestExecutionListener, org.springframework.boot.test.autoconfigure.web.client.MockRestServiceServerResetTestExecutionListener, org.springframework.boot.test.autoconfigure.web.servlet.MockMvcPrintOnlyOnFailureTestExecutionListener, org.springframework.boot.test.autoconfigure.web.servlet.WebDriverTestExecutionListener, org.springframework.boot.test.autoconfigure.webservices.client.MockWebServiceServerTestExecutionListener, org.springframework.boot.test.mock.mockito.MockitoTestExecutionListener, org.springframework.boot.test.mock.mockito.ResetMocksTestExecutionListener, org.springframework.test.context.web.ServletTestExecutionListener, org.springframework.test.context.support.DirtiesContextBeforeModesTestExecutionListener, org.springframework.test.context.event.ApplicationEventsTestExecutionListener, org.springframework.test.context.support.DependencyInjectionTestExecutionListener, org.springframework.test.context.support.DirtiesContextTestExecutionListener, org.springframework.test.context.transaction.TransactionalTestExecutionListener, org.springframework.test.context.jdbc.SqlScriptsTestExecutionListener, org.springframework.test.context.event.EventPublishingTestExecutionListener]
00:13:13.281 [Test worker] INFO org.springframework.boot.test.context.SpringBootTestContextBootstrapper - Using TestExecutionListeners: [org.springframework.test.context.web.ServletTestExecutionListener@303e3593, org.springframework.test.context.support.DirtiesContextBeforeModesTestExecutionListener@4ef27d66, org.springframework.test.context.event.ApplicationEventsTestExecutionListener@362a019c, org.springframework.boot.test.mock.mockito.MockitoTestExecutionListener@1d9bec4d, org.springframework.boot.test.autoconfigure.SpringBootDependencyInjectionTestExecutionListener@5c48c0c0, org.springframework.test.context.support.DirtiesContextTestExecutionListener@10c8f62, org.springframework.test.context.transaction.TransactionalTestExecutionListener@674c583e, org.springframework.test.context.jdbc.SqlScriptsTestExecutionListener@25f7391e, org.springframework.test.context.event.EventPublishingTestExecutionListener@3f23a3a0, org.springframework.boot.test.autoconfigure.restdocs.RestDocsTestExecutionListener@5ab14cb9, org.springframework.boot.test.autoconfigure.web.client.MockRestServiceServerResetTestExecutionListener@5fb97279, org.springframework.boot.test.autoconfigure.web.servlet.MockMvcPrintOnlyOnFailureTestExecutionListener@439a8f59, org.springframework.boot.test.autoconfigure.web.servlet.WebDriverTestExecutionListener@61861a29, org.springframework.boot.test.autoconfigure.webservices.client.MockWebServiceServerTestExecutionListener@31024624, org.springframework.boot.test.mock.mockito.ResetMocksTestExecutionListener@25bcd0c7]
00:13:13.297 [Test worker] DEBUG org.springframework.test.context.support.AbstractDirtiesContextTestExecutionListener - Before test class: context [DefaultTestContext@1cb3ec38 testClass = UserControllerTest, testInstance = [null], testMethod = [null], testException = [null], mergedContextConfiguration = [WebMergedContextConfiguration@403132fc testClass = UserControllerTest, locations = '{}', classes = '{class com.HelloWorldCRUD.example.HelloWorld}', contextInitializerClasses = '[]', activeProfiles = '{}', propertySourceLocations = '{}', propertySourceProperties = '{org.springframework.boot.test.context.SpringBootTestContextBootstrapper=true}', contextCustomizers = set[org.springframework.boot.test.autoconfigure.actuate.metrics.MetricsExportContextCustomizerFactory$DisableMetricExportContextCustomizer@64b73e7a, org.springframework.boot.test.autoconfigure.properties.PropertyMappingContextCustomizer@4b3fa0b3, org.springframework.boot.test.autoconfigure.web.servlet.WebDriverContextCustomizerFactory$Customizer@4d9ac0b4, [ImportsContextCustomizer@71c5b236 key = [org.springframework.boot.test.autoconfigure.web.servlet.MockMvcAutoConfiguration, org.springframework.boot.test.autoconfigure.web.servlet.MockMvcWebClientAutoConfiguration, org.springframework.boot.test.autoconfigure.web.servlet.MockMvcWebDriverAutoConfiguration, org.springframework.boot.autoconfigure.security.oauth2.client.servlet.OAuth2ClientAutoConfiguration, org.springframework.boot.autoconfigure.security.oauth2.resource.servlet.OAuth2ResourceServerAutoConfiguration, org.springframework.boot.autoconfigure.security.servlet.SecurityAutoConfiguration, org.springframework.boot.autoconfigure.security.servlet.SecurityFilterAutoConfiguration, org.springframework.boot.autoconfigure.security.servlet.UserDetailsServiceAutoConfiguration, org.springframework.boot.test.autoconfigure.web.servlet.MockMvcSecurityConfiguration, org.springframework.boot.test.autoconfigure.web.reactive.WebTestClientAutoConfiguration]], org.springframework.boot.test.context.filter.ExcludeFilterContextCustomizer@2dca0d64, org.springframework.boot.test.json.DuplicateJsonObjectContextCustomizerFactory$DuplicateJsonObjectContextCustomizer@23aa363a, org.springframework.boot.test.mock.mockito.MockitoContextCustomizer@0, org.springframework.boot.test.web.client.TestRestTemplateContextCustomizer@9ef8eb7, org.springframework.boot.test.context.SpringBootTestArgs@1, org.springframework.boot.test.context.SpringBootTestWebEnvironment@429bffaa], resourceBasePath = 'src/main/webapp', contextLoader = 'org.springframework.boot.test.context.SpringBootContextLoader', parent = [null]], attributes = map['org.springframework.test.context.web.ServletTestExecutionListener.activateListener' -> true]], class annotated with @DirtiesContext [false] with mode [null].

  .   ____          _            __ _ _
 /\\ / ___'_ __ _ _(_)_ __  __ _ \ \ \ \
( ( )\___ | '_ | '_| | '_ \/ _` | \ \ \ \
 \\/  ___)| |_)| | | | | || (_| |  ) ) ) )
  '  |____| .__|_| |_|_| |_\__, | / / / /
 =========|_|==============|___/=/_/_/_/
 :: Spring Boot ::                (v2.6.7)

2022-06-29 00:13:14.217  INFO 3600 --- [    Test worker] c.H.e.i.controller.UserControllerTest    : Starting UserControllerTest using Java 17.0.2 on DESKTOP-7CVTM0J with PID 3600 (started by Shahriar Parvez in D:\Projects\HelloWorldSB)
2022-06-29 00:13:14.217  INFO 3600 --- [    Test worker] c.H.e.i.controller.UserControllerTest    : No active profile set, falling back to 1 default profile: "default"
2022-06-29 00:13:16.151  INFO 3600 --- [    Test worker] .s.d.r.c.RepositoryConfigurationDelegate : Bootstrapping Spring Data JPA repositories in DEFAULT mode.
2022-06-29 00:13:16.291  INFO 3600 --- [    Test worker] .s.d.r.c.RepositoryConfigurationDelegate : Finished Spring Data repository scanning in 123 ms. Found 2 JPA repository interfaces.
2022-06-29 00:13:17.575  INFO 3600 --- [    Test worker] o.hibernate.jpa.internal.util.LogHelper  : HHH000204: Processing PersistenceUnitInfo [name: default]
2022-06-29 00:13:17.704  INFO 3600 --- [    Test worker] org.hibernate.Version                    : HHH000412: Hibernate ORM core version 5.6.8.Final
2022-06-29 00:13:18.142  INFO 3600 --- [    Test worker] o.hibernate.annotations.common.Version   : HCANN000001: Hibernate Commons Annotations {5.1.2.Final}
2022-06-29 00:13:18.454  INFO 3600 --- [    Test worker] com.zaxxer.hikari.HikariDataSource       : HikariPool-1 - Starting...
2022-06-29 00:13:18.798  INFO 3600 --- [    Test worker] com.zaxxer.hikari.HikariDataSource       : HikariPool-1 - Start completed.
2022-06-29 00:13:18.845  INFO 3600 --- [    Test worker] org.hibernate.dialect.Dialect            : HHH000400: Using dialect: org.hibernate.dialect.H2Dialect
2022-06-29 00:13:20.048  INFO 3600 --- [    Test worker] o.h.e.t.j.p.i.JtaPlatformInitiator       : HHH000490: Using JtaPlatform implementation: [org.hibernate.engine.transaction.jta.platform.internal.NoJtaPlatform]
2022-06-29 00:13:20.064  INFO 3600 --- [    Test worker] j.LocalContainerEntityManagerFactoryBean : Initialized JPA EntityManagerFactory for persistence unit 'default'
2022-06-29 00:13:21.700  WARN 3600 --- [    Test worker] JpaBaseConfiguration$JpaWebConfiguration : spring.jpa.open-in-view is enabled by default. Therefore, database queries may be performed during view rendering. Explicitly configure spring.jpa.open-in-view to disable this warning
2022-06-29 00:13:23.277  INFO 3600 --- [    Test worker] o.s.b.t.m.w.SpringBootMockServletContext : Initializing Spring TestDispatcherServlet ''
2022-06-29 00:13:23.277  INFO 3600 --- [    Test worker] o.s.t.web.servlet.TestDispatcherServlet  : Initializing Servlet ''
2022-06-29 00:13:23.292  INFO 3600 --- [    Test worker] o.s.t.web.servlet.TestDispatcherServlet  : Completed initialization in 15 ms
2022-06-29 00:13:23.324  INFO 3600 --- [    Test worker] c.H.e.i.controller.UserControllerTest    : Started UserControllerTest in 9.718 seconds (JVM running for 12.742)
sp86@gmail.com

MockHttpServletRequest:
      HTTP Method = GET
      Request URI = /users/email
       Parameters = {email=[sp86@gmail.com]}
          Headers = []
             Body = null
    Session Attrs = {}

Handler:
             Type = com.HelloWorldCRUD.example.controller.UserController
           Method = com.HelloWorldCRUD.example.controller.UserController#getUserByEmail(String)

Async:
    Async started = false
     Async result = null

Resolved Exception:
             Type = null

ModelAndView:
        View name = null
             View = null
            Model = null

FlashMap:
       Attributes = null

MockHttpServletResponse:
           Status = 400
    Error message = null
          Headers = [Content-Type:"application/json"]
     Content type = application/json
             Body = {"message":"user not found.","object":null,"status":"ERROR","fieldError":null,"methodError":null,"pathError":null}
    Forwarded URL = null
   Redirected URL = null
          Cookies = []
]]></system-out>
  <system-err><![CDATA[]]></system-err>
</testsuite>
