<?xml version="1.0" encoding="UTF-8"?>
<testsuite name="com.HelloWorldCRUD.example.unittest.service.DistrictServiceImplTest" tests="10" skipped="0" failures="0" errors="0" timestamp="2022-07-04T16:50:32" hostname="DESKTOP-7CVTM0J" time="0.102">
  <properties/>
  <testcase name="District successfully created." classname="com.HelloWorldCRUD.example.unittest.service.DistrictServiceImplTest" time="0.008"/>
  <testcase name="District doesn't successfully created." classname="com.HelloWorldCRUD.example.unittest.service.DistrictServiceImplTest" time="0.01"/>
  <testcase name="Districts are successfully found." classname="com.HelloWorldCRUD.example.unittest.service.DistrictServiceImplTest" time="0.009"/>
  <testcase name="Districts aren't successfully found." classname="com.HelloWorldCRUD.example.unittest.service.DistrictServiceImplTest" time="0.006"/>
  <testcase name="District is successfully updated." classname="com.HelloWorldCRUD.example.unittest.service.DistrictServiceImplTest" time="0.007"/>
  <testcase name="District not successfully created." classname="com.HelloWorldCRUD.example.unittest.service.DistrictServiceImplTest" time="0.008"/>
  <testcase name="District is successfully found." classname="com.HelloWorldCRUD.example.unittest.service.DistrictServiceImplTest" time="0.007"/>
  <testcase name="District is successfully deleted." classname="com.HelloWorldCRUD.example.unittest.service.DistrictServiceImplTest" time="0.01"/>
  <testcase name="District doesn't successfully updated." classname="com.HelloWorldCRUD.example.unittest.service.DistrictServiceImplTest" time="0.012"/>
  <testcase name="District isn't successfully sound." classname="com.HelloWorldCRUD.example.unittest.service.DistrictServiceImplTest" time="0.007"/>
  <system-out><![CDATA[2022-07-04 22:50:30.475  INFO 13668 --- [    Test worker] .b.t.c.SpringBootTestContextBootstrapper : Neither @ContextConfiguration nor @ContextHierarchy found for test class [com.HelloWorldCRUD.example.unittest.service.DistrictServiceImplTest], using SpringBootContextLoader
2022-07-04 22:50:30.475  INFO 13668 --- [    Test worker] o.s.t.c.support.AbstractContextLoader    : Could not detect default resource locations for test class [com.HelloWorldCRUD.example.unittest.service.DistrictServiceImplTest]: no resource found for suffixes {-context.xml, Context.groovy}.
2022-07-04 22:50:30.490  INFO 13668 --- [    Test worker] t.c.s.AnnotationConfigContextLoaderUtils : Could not detect default configuration classes for test class [com.HelloWorldCRUD.example.unittest.service.DistrictServiceImplTest]: DistrictServiceImplTest does not declare any static, non-private, non-final, nested classes annotated with @Configuration.
2022-07-04 22:50:30.490  INFO 13668 --- [    Test worker] .b.t.c.SpringBootTestContextBootstrapper : Found @SpringBootConfiguration com.HelloWorldCRUD.example.HelloWorld for test class com.HelloWorldCRUD.example.unittest.service.DistrictServiceImplTest
2022-07-04 22:50:30.490  INFO 13668 --- [    Test worker] .b.t.c.SpringBootTestContextBootstrapper : Loaded default TestExecutionListener class names from location [META-INF/spring.factories]: [org.springframework.boot.test.autoconfigure.restdocs.RestDocsTestExecutionListener, org.springframework.boot.test.autoconfigure.web.client.MockRestServiceServerResetTestExecutionListener, org.springframework.boot.test.autoconfigure.web.servlet.MockMvcPrintOnlyOnFailureTestExecutionListener, org.springframework.boot.test.autoconfigure.web.servlet.WebDriverTestExecutionListener, org.springframework.boot.test.autoconfigure.webservices.client.MockWebServiceServerTestExecutionListener, org.springframework.boot.test.mock.mockito.MockitoTestExecutionListener, org.springframework.boot.test.mock.mockito.ResetMocksTestExecutionListener, org.springframework.test.context.web.ServletTestExecutionListener, org.springframework.test.context.support.DirtiesContextBeforeModesTestExecutionListener, org.springframework.test.context.event.ApplicationEventsTestExecutionListener, org.springframework.test.context.support.DependencyInjectionTestExecutionListener, org.springframework.test.context.support.DirtiesContextTestExecutionListener, org.springframework.test.context.transaction.TransactionalTestExecutionListener, org.springframework.test.context.jdbc.SqlScriptsTestExecutionListener, org.springframework.test.context.event.EventPublishingTestExecutionListener]
2022-07-04 22:50:30.490  INFO 13668 --- [    Test worker] .b.t.c.SpringBootTestContextBootstrapper : Using TestExecutionListeners: [org.springframework.test.context.web.ServletTestExecutionListener@4f5080ea, org.springframework.test.context.support.DirtiesContextBeforeModesTestExecutionListener@28cc690d, org.springframework.test.context.event.ApplicationEventsTestExecutionListener@23ec291e, org.springframework.boot.test.mock.mockito.MockitoTestExecutionListener@1a91d15f, org.springframework.boot.test.autoconfigure.SpringBootDependencyInjectionTestExecutionListener@518d4537, org.springframework.test.context.support.DirtiesContextTestExecutionListener@1a42da0a, org.springframework.test.context.transaction.TransactionalTestExecutionListener@5824b485, org.springframework.test.context.jdbc.SqlScriptsTestExecutionListener@4c2b8df7, org.springframework.test.context.event.EventPublishingTestExecutionListener@7734ddb8, org.springframework.boot.test.autoconfigure.restdocs.RestDocsTestExecutionListener@7b2adbde, org.springframework.boot.test.autoconfigure.web.client.MockRestServiceServerResetTestExecutionListener@6d7c8a2, org.springframework.boot.test.autoconfigure.web.servlet.MockMvcPrintOnlyOnFailureTestExecutionListener@1683b9ba, org.springframework.boot.test.autoconfigure.web.servlet.WebDriverTestExecutionListener@470b7fcf, org.springframework.boot.test.autoconfigure.webservices.client.MockWebServiceServerTestExecutionListener@6ad2a8db, org.springframework.boot.test.mock.mockito.ResetMocksTestExecutionListener@52f8effb]

  .   ____          _            __ _ _
 /\\ / ___'_ __ _ _(_)_ __  __ _ \ \ \ \
( ( )\___ | '_ | '_| | '_ \/ _` | \ \ \ \
 \\/  ___)| |_)| | | | | || (_| |  ) ) ) )
  '  |____| .__|_| |_|_| |_\__, | / / / /
 =========|_|==============|___/=/_/_/_/
 :: Spring Boot ::                (v2.6.7)

2022-07-04 22:50:30.544  INFO 13668 --- [    Test worker] c.H.e.u.service.DistrictServiceImplTest  : Starting DistrictServiceImplTest using Java 17.0.2 on DESKTOP-7CVTM0J with PID 13668 (started by Shahriar Parvez in D:\Projects\HelloWorldSB)
2022-07-04 22:50:30.544  INFO 13668 --- [    Test worker] c.H.e.u.service.DistrictServiceImplTest  : No active profile set, falling back to 1 default profile: "default"
2022-07-04 22:50:30.961  INFO 13668 --- [    Test worker] .s.d.r.c.RepositoryConfigurationDelegate : Bootstrapping Spring Data JPA repositories in DEFAULT mode.
2022-07-04 22:50:30.976  INFO 13668 --- [    Test worker] .s.d.r.c.RepositoryConfigurationDelegate : Finished Spring Data repository scanning in 20 ms. Found 2 JPA repository interfaces.
2022-07-04 22:50:31.177  INFO 13668 --- [    Test worker] o.hibernate.jpa.internal.util.LogHelper  : HHH000204: Processing PersistenceUnitInfo [name: default]
2022-07-04 22:50:31.192  INFO 13668 --- [    Test worker] com.zaxxer.hikari.HikariDataSource       : HikariPool-2 - Starting...
2022-07-04 22:50:31.192  INFO 13668 --- [    Test worker] com.zaxxer.hikari.HikariDataSource       : HikariPool-2 - Start completed.
2022-07-04 22:50:31.192  INFO 13668 --- [    Test worker] org.hibernate.dialect.Dialect            : HHH000400: Using dialect: org.hibernate.dialect.H2Dialect
2022-07-04 22:50:31.277  INFO 13668 --- [    Test worker] o.h.e.t.j.p.i.JtaPlatformInitiator       : HHH000490: Using JtaPlatform implementation: [org.hibernate.engine.transaction.jta.platform.internal.NoJtaPlatform]
2022-07-04 22:50:31.277  INFO 13668 --- [    Test worker] j.LocalContainerEntityManagerFactoryBean : Initialized JPA EntityManagerFactory for persistence unit 'default'
2022-07-04 22:50:31.693  WARN 13668 --- [    Test worker] JpaBaseConfiguration$JpaWebConfiguration : spring.jpa.open-in-view is enabled by default. Therefore, database queries may be performed during view rendering. Explicitly configure spring.jpa.open-in-view to disable this warning
2022-07-04 22:50:32.332  INFO 13668 --- [    Test worker] c.H.e.u.service.DistrictServiceImplTest  : Started DistrictServiceImplTest in 1.83 seconds (JVM running for 24.23)
]]></system-out>
  <system-err><![CDATA[]]></system-err>
</testsuite>
