<?xml version="1.0" encoding="UTF-8"?>
<testsuite name="com.HelloWorldCRUD.example.service.UserServiceImplTest" tests="20" skipped="0" failures="0" errors="0" timestamp="2022-05-23T09:55:59" hostname="Parvez-AES" time="0.675">
  <properties/>
  <testcase name="User is successfully deleted." classname="com.HelloWorldCRUD.example.service.UserServiceImplTest" time="0.637"/>
  <testcase name="No active user found" classname="com.HelloWorldCRUD.example.service.UserServiceImplTest" time="0.001"/>
  <testcase name="User isn't successfully deleted." classname="com.HelloWorldCRUD.example.service.UserServiceImplTest" time="0.001"/>
  <testcase name="Active Users are successfully found." classname="com.HelloWorldCRUD.example.service.UserServiceImplTest" time="0.002"/>
  <testcase name="User is successfully updated." classname="com.HelloWorldCRUD.example.service.UserServiceImplTest" time="0.002"/>
  <testcase name="User is successfully found by email." classname="com.HelloWorldCRUD.example.service.UserServiceImplTest" time="0.001"/>
  <testcase name="User successfully created." classname="com.HelloWorldCRUD.example.service.UserServiceImplTest" time="0.002"/>
  <testcase name="User is successfully deactivated." classname="com.HelloWorldCRUD.example.service.UserServiceImplTest" time="0.002"/>
  <testcase name="User isn't successfully updated." classname="com.HelloWorldCRUD.example.service.UserServiceImplTest" time="0.001"/>
  <testcase name="User aren't successfully found." classname="com.HelloWorldCRUD.example.service.UserServiceImplTest" time="0.005"/>
  <testcase name="User are successfully found." classname="com.HelloWorldCRUD.example.service.UserServiceImplTest" time="0.002"/>
  <testcase name="User isn't successfully created by first name." classname="com.HelloWorldCRUD.example.service.UserServiceImplTest" time="0.001"/>
  <testcase name="User is successfully found by last name." classname="com.HelloWorldCRUD.example.service.UserServiceImplTest" time="0.001"/>
  <testcase name="User not successfully created." classname="com.HelloWorldCRUD.example.service.UserServiceImplTest" time="0.001"/>
  <testcase name="User is successfully found." classname="com.HelloWorldCRUD.example.service.UserServiceImplTest" time="0.001"/>
  <testcase name="User isn't successfully found." classname="com.HelloWorldCRUD.example.service.UserServiceImplTest" time="0.001"/>
  <testcase name="User successfully found by first name." classname="com.HelloWorldCRUD.example.service.UserServiceImplTest" time="0.001"/>
  <testcase name="User isn't successfully found by last name." classname="com.HelloWorldCRUD.example.service.UserServiceImplTest" time="0.001"/>
  <testcase name="User isn't successfully found by email." classname="com.HelloWorldCRUD.example.service.UserServiceImplTest" time="0.001"/>
  <testcase name="User doesn't successfully deactivated." classname="com.HelloWorldCRUD.example.service.UserServiceImplTest" time="0.002"/>
  <system-out><![CDATA[]]></system-out>
  <system-err><![CDATA[]]></system-err>
</testsuite>
